<?xml version="1.0" encoding="UTF-8"?>
<!-- Generated by org.testng.reporters.JUnitReportReporter -->
<testsuite hostname="LAPTOP-837HDA0H" failures="0" tests="2" name="testng.TestNGTodo" time="39.764" errors="0" timestamp="2023-11-28T05:22:30 IST" skipped="0">
  <testcase classname="testng.TestNGTodo" name="testSimple" time="14.790"/>
  <system-out/>
  <testcase classname="testng.TestNGTodo" name="testSimple" time="24.974"/>
  <system-out/>
</testsuite> <!-- testng.TestNGTodo -->
